Using pre-set license
Built from '2020.2/release' branch; Version is '2020.2.2f1 (068178b99f32) revision 426360'; Using compiler version '192528614'; Build Type 'Release'
OS: 'Windows 10 Home; OS build 18363.1500; Version 1909; 64bit' Language: 'en' Physical Memory: 8058 MB
BatchMode: 1, IsHumanControllingUs: 0, StartBugReporterOnCrash: 0, Is64bit: 1, IsPro: 0

 COMMAND LINE ARGUMENTS:
C:\Program Files\Unity\Hub\Editor\2020.2.7f1\Editor\Unity.exe
-adb2
-batchMode
-noUpm
-name
AssetImportWorker0
-projectPath
C:/Users/H1Ber/OneDrive/Documents/uni-files/CAPSTONE/2021-GAM30002-Group1/MFTG_Prototype/Prototype
-logFile
Logs/AssetImportWorker0.log
-srvPort
62300
Successfully changed project path to: C:/Users/H1Ber/OneDrive/Documents/uni-files/CAPSTONE/2021-GAM30002-Group1/MFTG_Prototype/Prototype
C:/Users/H1Ber/OneDrive/Documents/uni-files/CAPSTONE/2021-GAM30002-Group1/MFTG_Prototype/Prototype
Using Asset Import Pipeline V2.
Refreshing native plugins compatible for Editor in 87.14 ms, found 0 plugins.
Preloading 0 native plugins for Editor in 0.00 ms.
Initialize engine version: 2020.2.2f1 (068178b99f32)
[Subsystems] Discovering subsystems at path C:/Program Files/Unity/Hub/Editor/2020.2.7f1/Editor/Data/Resources/UnitySubsystems
[Subsystems] Discovering subsystems at path C:/Users/H1Ber/OneDrive/Documents/uni-files/CAPSTONE/2021-GAM30002-Group1/MFTG_Prototype/Prototype/Assets
GfxDevice: creating device client; threaded=0
Direct3D:
    Version:  Direct3D 11.0 [level 11.0]
    Renderer: NVIDIA GeForce 940MX (ID=0x134d)
    Vendor:   
    VRAM:     2020 MB
    Driver:   22.21.13.8264
Initialize mono
Mono path[0] = 'C:/Program Files/Unity/Hub/Editor/2020.2.7f1/Editor/Data/Managed'
Mono path[1] = 'C:/Program Files/Unity/Hub/Editor/2020.2.7f1/Editor/Data/MonoBleedingEdge/lib/mono/unityjit'
Mono config path = 'C:/Program Files/Unity/Hub/Editor/2020.2.7f1/Editor/Data/MonoBleedingEdge/etc'
Using monoOptions --debugger-agent=transport=dt_socket,embedding=1,server=y,suspend=n,address=127.0.0.1:56384
Begin MonoManager ReloadAssembly
Registering precompiled unity dll's ...
Register platform support module: C:/Program Files/Unity/Hub/Editor/2020.2.7f1/Editor/Data/PlaybackEngines/WindowsStandaloneSupport/UnityEditor.WindowsStandalone.Extensions.dll
Registered in 0.010445 seconds.
Native extension for WindowsStandalone target not found
Refreshing native plugins compatible for Editor in 50.00 ms, found 0 plugins.
Preloading 0 native plugins for Editor in 0.00 ms.
Unable to find bridge dll in registry for Microsoft Visual Studio Tools for Unity for C:\Program Files (x86)\Microsoft Visual Studio\2019\Community\Common7\IDE\devenv.exe
Invoked RoslynAnalysisRunner static constructor.
RoslynAnalysisRunner will not be running.
RoslynAnalysisRunner has terminated.
Mono: successfully reloaded assembly
- Completed reload, in  4.487 seconds
Platform modules already initialized, skipping
Registering precompiled user dll's ...
Registered in 0.005313 seconds.
Begin MonoManager ReloadAssembly
Native extension for WindowsStandalone target not found
Refreshing native plugins compatible for Editor in 72.61 ms, found 0 plugins.
Preloading 0 native plugins for Editor in 0.00 ms.
Invoked RoslynAnalysisRunner static constructor.
RoslynAnalysisRunner will not be running.
RoslynAnalysisRunner has terminated.
Mono: successfully reloaded assembly
- Completed reload, in  2.533 seconds
Platform modules already initialized, skipping
========================================================================
Worker process is ready to serve import requests
Launched and connected shader compiler UnityShaderCompiler.exe after 0.13 seconds
Refreshing native plugins compatible for Editor in 0.72 ms, found 0 plugins.
Preloading 0 native plugins for Editor in 0.00 ms.
Unloading 1472 Unused Serialized files (Serialized files now loaded: 0)
System memory in use before: 73.1 MB.
System memory in use after: 72.9 MB.

Unloading 15 unused Assets to reduce memory usage. Loaded Objects now: 1917.
Total: 4.019100 ms (FindLiveObjects: 0.273200 ms CreateObjectMapping: 0.131600 ms MarkObjects: 3.366400 ms  DeleteObjects: 0.245700 ms)

========================================================================
Received Import Request.
  path: Assets/Scenes/Demo1.unity
  artifactKey: Guid(c76132357d56ea84ca4aefeba14fe5fa) Importer(815301076,1909f56bfc062723c751e8b465ee728b)
Start importing Assets/Scenes/Demo1.unity using Guid(c76132357d56ea84ca4aefeba14fe5fa) Importer(815301076,1909f56bfc062723c751e8b465ee728b)  -> (artifact id: 'bd0d1ac2ddd168254ef93cf74bd4ad10') in 0.047206 seconds
  Import took 0.052768 seconds .

========================================================================
Received Import Request.
  Time since last request: 0.000363 seconds.
  path: Assets/Scenes/SampleScene
  artifactKey: Guid(3ed755d7e5bae4440ab6518f3e9ba143) Importer(815301076,1909f56bfc062723c751e8b465ee728b)
Start importing Assets/Scenes/SampleScene using Guid(3ed755d7e5bae4440ab6518f3e9ba143) Importer(815301076,1909f56bfc062723c751e8b465ee728b)  -> (artifact id: '41d9acc4d9fcc2f10edcb9f36457ac11') in 0.014863 seconds
  Import took 0.024791 seconds .

========================================================================
Received Import Request.
  Time since last request: 0.001855 seconds.
  path: Assets/Scenes/Blank.unity
  artifactKey: Guid(0d3c2fcce90f9d94d9c3c48661c19800) Importer(815301076,1909f56bfc062723c751e8b465ee728b)
Start importing Assets/Scenes/Blank.unity using Guid(0d3c2fcce90f9d94d9c3c48661c19800) Importer(815301076,1909f56bfc062723c751e8b465ee728b)  -> (artifact id: 'bd49220c7931407f87da29de2c53910e') in 0.014686 seconds
  Import took 0.020858 seconds .

========================================================================
Received Prepare
Registering precompiled user dll's ...
Registered in 0.006744 seconds.
Begin MonoManager ReloadAssembly
Native extension for WindowsStandalone target not found
Refreshing native plugins compatible for Editor in 0.35 ms, found 0 plugins.
Preloading 0 native plugins for Editor in 0.00 ms.
Invoked RoslynAnalysisRunner static constructor.
RoslynAnalysisRunner will not be running.
RoslynAnalysisRunner has terminated.
Mono: successfully reloaded assembly
- Completed reload, in  1.451 seconds
Platform modules already initialized, skipping
Refreshing native plugins compatible for Editor in 0.41 ms, found 0 plugins.
Preloading 0 native plugins for Editor in 0.00 ms.
Unloading 1458 Unused Serialized files (Serialized files now loaded: 0)
System memory in use before: 72.7 MB.
System memory in use after: 72.5 MB.

Unloading 8 unused Assets to reduce memory usage. Loaded Objects now: 1919.
Total: 3.435900 ms (FindLiveObjects: 0.225400 ms CreateObjectMapping: 0.081100 ms MarkObjects: 2.883800 ms  DeleteObjects: 0.243500 ms)

AssetImportWorkerClient::OnTransportError - code=2 error=End of file
