Using pre-set license
Built from '2020.2/release' branch; Version is '2020.2.2f1 (068178b99f32) revision 426360'; Using compiler version '192528614'; Build Type 'Release'
OS: 'Windows 10 Home; OS build 19041.985; Version 2004; 64bit' Language: 'en' Physical Memory: 16317 MB
BatchMode: 1, IsHumanControllingUs: 0, StartBugReporterOnCrash: 0, Is64bit: 1, IsPro: 0

 COMMAND LINE ARGUMENTS:
C:\Program Files\Unity\Hub\Editor\2020.2.2f1\Editor\Unity.exe
-adb2
-batchMode
-noUpm
-name
AssetImportWorker0
-projectPath
D:/_Swinburne/_2021/SEM1/SEPA/repo/2021-GAM30002-Group1/Sandbox
-logFile
Logs/AssetImportWorker0.log
-srvPort
55661
Successfully changed project path to: D:/_Swinburne/_2021/SEM1/SEPA/repo/2021-GAM30002-Group1/Sandbox
D:/_Swinburne/_2021/SEM1/SEPA/repo/2021-GAM30002-Group1/Sandbox
Using Asset Import Pipeline V2.
Refreshing native plugins compatible for Editor in 40.11 ms, found 2 plugins.
Preloading 0 native plugins for Editor in 0.00 ms.
Initialize engine version: 2020.2.2f1 (068178b99f32)
[Subsystems] Discovering subsystems at path C:/Program Files/Unity/Hub/Editor/2020.2.2f1/Editor/Data/Resources/UnitySubsystems
[Subsystems] Discovering subsystems at path D:/_Swinburne/_2021/SEM1/SEPA/repo/2021-GAM30002-Group1/Sandbox/Assets
GfxDevice: creating device client; threaded=0
Direct3D:
    Version:  Direct3D 11.0 [level 11.1]
    Renderer: NVIDIA GeForce RTX 2070 SUPER (ID=0x1e84)
    Vendor:   
    VRAM:     8011 MB
    Driver:   27.21.14.6140
Initialize mono
Mono path[0] = 'C:/Program Files/Unity/Hub/Editor/2020.2.2f1/Editor/Data/Managed'
Mono path[1] = 'C:/Program Files/Unity/Hub/Editor/2020.2.2f1/Editor/Data/MonoBleedingEdge/lib/mono/unityjit'
Mono config path = 'C:/Program Files/Unity/Hub/Editor/2020.2.2f1/Editor/Data/MonoBleedingEdge/etc'
Using monoOptions --debugger-agent=transport=dt_socket,embedding=1,server=y,suspend=n,address=127.0.0.1:56984
Begin MonoManager ReloadAssembly
Registering precompiled unity dll's ...
Register platform support module: C:/Program Files/Unity/Hub/Editor/2020.2.2f1/Editor/Data/PlaybackEngines/WindowsStandaloneSupport/UnityEditor.WindowsStandalone.Extensions.dll
Registered in 0.001451 seconds.
Native extension for WindowsStandalone target not found
Refreshing native plugins compatible for Editor in 29.52 ms, found 2 plugins.
Preloading 0 native plugins for Editor in 0.00 ms.
Invoked RoslynAnalysisRunner static constructor.
RoslynAnalysisRunner will not be running.
RoslynAnalysisRunner has terminated.
Mono: successfully reloaded assembly
- Completed reload, in  0.865 seconds
Platform modules already initialized, skipping
Registering precompiled user dll's ...
Registered in 0.002047 seconds.
Begin MonoManager ReloadAssembly
Symbol file data-0000028709D03DA0 doesn't match image D:\_Swinburne\_2021\SEM1\SEPA\repo\2021-GAM30002-Group1\Sandbox\Library\ScriptAssemblies\Assembly-CSharp-Editor.dll
Symbol file LoadedFromMemory is not a mono symbol file
Native extension for WindowsStandalone target not found
Refreshing native plugins compatible for Editor in 29.80 ms, found 2 plugins.
Preloading 0 native plugins for Editor in 0.00 ms.
Invoked RoslynAnalysisRunner static constructor.
RoslynAnalysisRunner will not be running.
RoslynAnalysisRunner has terminated.
RefreshInfo: StopAssetImportingV2(NoUpdateAssetOptions) scanfilter: 
RefreshProfiler: Total: 0.000ms
RefreshInfo: StopAssetImportingV2(NoUpdateAssetOptions) scanfilter: 
RefreshProfiler: Total: 0.000ms
Mono: successfully reloaded assembly
- Completed reload, in  0.774 seconds
Platform modules already initialized, skipping
========================================================================
Worker process is ready to serve import requests
Launched and connected shader compiler UnityShaderCompiler.exe after 0.03 seconds
Refreshing native plugins compatible for Editor in 0.55 ms, found 2 plugins.
Preloading 0 native plugins for Editor in 0.00 ms.
Unloading 3 Unused Serialized files (Serialized files now loaded: 0)
System memory in use before: 66.7 MB.
System memory in use after: 66.6 MB.

Unloading 69 unused Assets to reduce memory usage. Loaded Objects now: 2073.
Total: 1.999900 ms (FindLiveObjects: 0.234200 ms CreateObjectMapping: 0.186000 ms MarkObjects: 1.366800 ms  DeleteObjects: 0.211900 ms)

========================================================================
Received Import Request.
  path: Assets/Scenes/Prototyping/Jordan_Level 1.unity
  artifactKey: Guid(f8a31547fc76ca7478fc7203996e7261) Importer(815301076,1909f56bfc062723c751e8b465ee728b)
Start importing Assets/Scenes/Prototyping/Jordan_Level 1.unity using Guid(f8a31547fc76ca7478fc7203996e7261) Importer(815301076,1909f56bfc062723c751e8b465ee728b)  -> (artifact id: '792919ea37de154f84ac09b0eb618689') in 0.013676 seconds
  Import took 0.016104 seconds .

========================================================================
Received Prepare
Registering precompiled user dll's ...
Registered in 0.001995 seconds.
Begin MonoManager ReloadAssembly
Native extension for WindowsStandalone target not found
Refreshing native plugins compatible for Editor in 0.58 ms, found 2 plugins.
Preloading 0 native plugins for Editor in 0.00 ms.
Invoked RoslynAnalysisRunner static constructor.
RoslynAnalysisRunner will not be running.
RoslynAnalysisRunner has terminated.
RefreshInfo: StopAssetImportingV2(NoUpdateAssetOptions) scanfilter: 
RefreshProfiler: Total: 0.000ms
RefreshInfo: StopAssetImportingV2(NoUpdateAssetOptions) scanfilter: 
RefreshProfiler: Total: 0.000ms
Mono: successfully reloaded assembly
- Completed reload, in  0.727 seconds
Platform modules already initialized, skipping
Refreshing native plugins compatible for Editor in 0.58 ms, found 2 plugins.
Preloading 0 native plugins for Editor in 0.00 ms.
Unloading 820 Unused Serialized files (Serialized files now loaded: 0)
System memory in use before: 83.1 MB.
System memory in use after: 82.9 MB.

Unloading 63 unused Assets to reduce memory usage. Loaded Objects now: 2075.
Total: 1.562600 ms (FindLiveObjects: 0.142000 ms CreateObjectMapping: 0.040900 ms MarkObjects: 1.196600 ms  DeleteObjects: 0.182400 ms)

========================================================================
Received Prepare
Registering precompiled user dll's ...
Registered in 0.002021 seconds.
Begin MonoManager ReloadAssembly
Native extension for WindowsStandalone target not found
Refreshing native plugins compatible for Editor in 0.60 ms, found 2 plugins.
Preloading 0 native plugins for Editor in 0.00 ms.
Invoked RoslynAnalysisRunner static constructor.
RoslynAnalysisRunner will not be running.
RoslynAnalysisRunner has terminated.
RefreshInfo: StopAssetImportingV2(NoUpdateAssetOptions) scanfilter: 
RefreshProfiler: Total: 0.000ms
RefreshInfo: StopAssetImportingV2(NoUpdateAssetOptions) scanfilter: 
RefreshProfiler: Total: 0.000ms
Mono: successfully reloaded assembly
- Completed reload, in  0.721 seconds
Platform modules already initialized, skipping
Refreshing native plugins compatible for Editor in 0.66 ms, found 2 plugins.
Preloading 0 native plugins for Editor in 0.00 ms.
Unloading 820 Unused Serialized files (Serialized files now loaded: 0)
System memory in use before: 84.1 MB.
System memory in use after: 84.0 MB.

Unloading 63 unused Assets to reduce memory usage. Loaded Objects now: 2077.
Total: 1.685800 ms (FindLiveObjects: 0.146900 ms CreateObjectMapping: 0.048700 ms MarkObjects: 1.285200 ms  DeleteObjects: 0.204200 ms)

========================================================================
Received Prepare
Registering precompiled user dll's ...
Registered in 0.001970 seconds.
Begin MonoManager ReloadAssembly
Native extension for WindowsStandalone target not found
Refreshing native plugins compatible for Editor in 0.59 ms, found 2 plugins.
Preloading 0 native plugins for Editor in 0.00 ms.
Invoked RoslynAnalysisRunner static constructor.
RoslynAnalysisRunner will not be running.
RoslynAnalysisRunner has terminated.
RefreshInfo: StopAssetImportingV2(NoUpdateAssetOptions) scanfilter: 
RefreshProfiler: Total: 0.000ms
RefreshInfo: StopAssetImportingV2(NoUpdateAssetOptions) scanfilter: 
RefreshProfiler: Total: 0.000ms
Mono: successfully reloaded assembly
- Completed reload, in  0.713 seconds
Platform modules already initialized, skipping
Refreshing native plugins compatible for Editor in 0.84 ms, found 2 plugins.
Preloading 0 native plugins for Editor in 0.00 ms.
Unloading 820 Unused Serialized files (Serialized files now loaded: 0)
System memory in use before: 84.2 MB.
System memory in use after: 84.0 MB.

Unloading 63 unused Assets to reduce memory usage. Loaded Objects now: 2079.
Total: 2.010000 ms (FindLiveObjects: 0.139100 ms CreateObjectMapping: 0.046000 ms MarkObjects: 1.530800 ms  DeleteObjects: 0.292800 ms)

========================================================================
Received Prepare
Registering precompiled user dll's ...
Registered in 0.001935 seconds.
Begin MonoManager ReloadAssembly
Native extension for WindowsStandalone target not found
Refreshing native plugins compatible for Editor in 0.60 ms, found 2 plugins.
Preloading 0 native plugins for Editor in 0.00 ms.
Invoked RoslynAnalysisRunner static constructor.
RoslynAnalysisRunner will not be running.
RoslynAnalysisRunner has terminated.
RefreshInfo: StopAssetImportingV2(NoUpdateAssetOptions) scanfilter: 
RefreshProfiler: Total: 0.000ms
RefreshInfo: StopAssetImportingV2(NoUpdateAssetOptions) scanfilter: 
RefreshProfiler: Total: 0.000ms
Mono: successfully reloaded assembly
- Completed reload, in  0.716 seconds
Platform modules already initialized, skipping
Refreshing native plugins compatible for Editor in 0.58 ms, found 2 plugins.
Preloading 0 native plugins for Editor in 0.00 ms.
Unloading 820 Unused Serialized files (Serialized files now loaded: 0)
System memory in use before: 84.2 MB.
System memory in use after: 84.0 MB.

Unloading 63 unused Assets to reduce memory usage. Loaded Objects now: 2081.
Total: 1.782300 ms (FindLiveObjects: 0.159300 ms CreateObjectMapping: 0.061700 ms MarkObjects: 1.358000 ms  DeleteObjects: 0.202500 ms)

========================================================================
Received Prepare
Registering precompiled user dll's ...
Registered in 0.001943 seconds.
Begin MonoManager ReloadAssembly
Native extension for WindowsStandalone target not found
Refreshing native plugins compatible for Editor in 0.60 ms, found 2 plugins.
Preloading 0 native plugins for Editor in 0.00 ms.
Invoked RoslynAnalysisRunner static constructor.
RoslynAnalysisRunner will not be running.
RoslynAnalysisRunner has terminated.
RefreshInfo: StopAssetImportingV2(NoUpdateAssetOptions) scanfilter: 
RefreshProfiler: Total: 0.000ms
RefreshInfo: StopAssetImportingV2(NoUpdateAssetOptions) scanfilter: 
RefreshProfiler: Total: 0.000ms
Mono: successfully reloaded assembly
- Completed reload, in  0.701 seconds
Platform modules already initialized, skipping
Refreshing native plugins compatible for Editor in 0.62 ms, found 2 plugins.
Preloading 0 native plugins for Editor in 0.00 ms.
Unloading 820 Unused Serialized files (Serialized files now loaded: 0)
System memory in use before: 84.2 MB.
System memory in use after: 84.0 MB.

Unloading 63 unused Assets to reduce memory usage. Loaded Objects now: 2083.
Total: 1.661300 ms (FindLiveObjects: 0.158600 ms CreateObjectMapping: 0.075000 ms MarkObjects: 1.220300 ms  DeleteObjects: 0.206300 ms)

========================================================================
Received Prepare
Registering precompiled user dll's ...
Registered in 0.002279 seconds.
Begin MonoManager ReloadAssembly
Native extension for WindowsStandalone target not found
Refreshing native plugins compatible for Editor in 0.61 ms, found 2 plugins.
Preloading 0 native plugins for Editor in 0.00 ms.
Invoked RoslynAnalysisRunner static constructor.
RoslynAnalysisRunner will not be running.
RoslynAnalysisRunner has terminated.
RefreshInfo: StopAssetImportingV2(NoUpdateAssetOptions) scanfilter: 
RefreshProfiler: Total: 0.000ms
RefreshInfo: StopAssetImportingV2(NoUpdateAssetOptions) scanfilter: 
RefreshProfiler: Total: 0.000ms
Mono: successfully reloaded assembly
- Completed reload, in  0.696 seconds
Platform modules already initialized, skipping
Refreshing native plugins compatible for Editor in 0.63 ms, found 2 plugins.
Preloading 0 native plugins for Editor in 0.00 ms.
Unloading 820 Unused Serialized files (Serialized files now loaded: 0)
System memory in use before: 84.2 MB.
System memory in use after: 84.0 MB.

Unloading 63 unused Assets to reduce memory usage. Loaded Objects now: 2085.
Total: 1.693500 ms (FindLiveObjects: 0.146100 ms CreateObjectMapping: 0.045700 ms MarkObjects: 1.292900 ms  DeleteObjects: 0.207700 ms)

========================================================================
Received Prepare
Registering precompiled user dll's ...
Registered in 0.001919 seconds.
Begin MonoManager ReloadAssembly
Native extension for WindowsStandalone target not found
Refreshing native plugins compatible for Editor in 0.59 ms, found 2 plugins.
Preloading 0 native plugins for Editor in 0.00 ms.
Invoked RoslynAnalysisRunner static constructor.
RoslynAnalysisRunner will not be running.
RoslynAnalysisRunner has terminated.
RefreshInfo: StopAssetImportingV2(NoUpdateAssetOptions) scanfilter: 
RefreshProfiler: Total: 0.000ms
RefreshInfo: StopAssetImportingV2(NoUpdateAssetOptions) scanfilter: 
RefreshProfiler: Total: 0.000ms
Mono: successfully reloaded assembly
- Completed reload, in  0.693 seconds
Platform modules already initialized, skipping
Refreshing native plugins compatible for Editor in 0.63 ms, found 2 plugins.
Preloading 0 native plugins for Editor in 0.00 ms.
Unloading 820 Unused Serialized files (Serialized files now loaded: 0)
System memory in use before: 84.2 MB.
System memory in use after: 84.0 MB.

Unloading 63 unused Assets to reduce memory usage. Loaded Objects now: 2087.
Total: 1.763400 ms (FindLiveObjects: 0.146600 ms CreateObjectMapping: 0.046800 ms MarkObjects: 1.351800 ms  DeleteObjects: 0.217100 ms)

========================================================================
Received Prepare
Registering precompiled user dll's ...
Registered in 0.001892 seconds.
Begin MonoManager ReloadAssembly
Native extension for WindowsStandalone target not found
Refreshing native plugins compatible for Editor in 0.63 ms, found 2 plugins.
Preloading 0 native plugins for Editor in 0.00 ms.
Invoked RoslynAnalysisRunner static constructor.
RoslynAnalysisRunner will not be running.
RoslynAnalysisRunner has terminated.
RefreshInfo: StopAssetImportingV2(NoUpdateAssetOptions) scanfilter: 
RefreshProfiler: Total: 0.000ms
RefreshInfo: StopAssetImportingV2(NoUpdateAssetOptions) scanfilter: 
RefreshProfiler: Total: 0.000ms
Mono: successfully reloaded assembly
- Completed reload, in  0.763 seconds
Platform modules already initialized, skipping
Refreshing native plugins compatible for Editor in 0.60 ms, found 2 plugins.
Preloading 0 native plugins for Editor in 0.00 ms.
Unloading 820 Unused Serialized files (Serialized files now loaded: 0)
System memory in use before: 84.2 MB.
System memory in use after: 84.0 MB.

Unloading 63 unused Assets to reduce memory usage. Loaded Objects now: 2089.
Total: 1.878900 ms (FindLiveObjects: 0.166300 ms CreateObjectMapping: 0.050000 ms MarkObjects: 1.444000 ms  DeleteObjects: 0.217800 ms)

========================================================================
Received Prepare
Registering precompiled user dll's ...
Registered in 0.001928 seconds.
Begin MonoManager ReloadAssembly
Native extension for WindowsStandalone target not found
Refreshing native plugins compatible for Editor in 0.59 ms, found 2 plugins.
Preloading 0 native plugins for Editor in 0.00 ms.
Invoked RoslynAnalysisRunner static constructor.
RoslynAnalysisRunner will not be running.
RoslynAnalysisRunner has terminated.
RefreshInfo: StopAssetImportingV2(NoUpdateAssetOptions) scanfilter: 
RefreshProfiler: Total: 0.000ms
RefreshInfo: StopAssetImportingV2(NoUpdateAssetOptions) scanfilter: 
RefreshProfiler: Total: 0.000ms
Mono: successfully reloaded assembly
- Completed reload, in  0.703 seconds
Platform modules already initialized, skipping
Refreshing native plugins compatible for Editor in 0.62 ms, found 2 plugins.
Preloading 0 native plugins for Editor in 0.00 ms.
Unloading 820 Unused Serialized files (Serialized files now loaded: 0)
System memory in use before: 84.2 MB.
System memory in use after: 84.0 MB.

Unloading 63 unused Assets to reduce memory usage. Loaded Objects now: 2091.
Total: 1.983500 ms (FindLiveObjects: 0.147300 ms CreateObjectMapping: 0.049200 ms MarkObjects: 1.541200 ms  DeleteObjects: 0.244300 ms)

========================================================================
Received Prepare
Registering precompiled user dll's ...
Registered in 0.001966 seconds.
Begin MonoManager ReloadAssembly
Native extension for WindowsStandalone target not found
Refreshing native plugins compatible for Editor in 0.60 ms, found 2 plugins.
Preloading 0 native plugins for Editor in 0.00 ms.
Invoked RoslynAnalysisRunner static constructor.
RoslynAnalysisRunner will not be running.
RoslynAnalysisRunner has terminated.
RefreshInfo: StopAssetImportingV2(NoUpdateAssetOptions) scanfilter: 
RefreshProfiler: Total: 0.000ms
RefreshInfo: StopAssetImportingV2(NoUpdateAssetOptions) scanfilter: 
RefreshProfiler: Total: 0.000ms
Mono: successfully reloaded assembly
- Completed reload, in  0.804 seconds
Platform modules already initialized, skipping
Refreshing native plugins compatible for Editor in 0.73 ms, found 2 plugins.
Preloading 0 native plugins for Editor in 0.00 ms.
Unloading 820 Unused Serialized files (Serialized files now loaded: 0)
System memory in use before: 84.2 MB.
System memory in use after: 84.0 MB.

Unloading 63 unused Assets to reduce memory usage. Loaded Objects now: 2093.
Total: 1.780500 ms (FindLiveObjects: 0.135200 ms CreateObjectMapping: 0.042100 ms MarkObjects: 1.362700 ms  DeleteObjects: 0.239400 ms)

========================================================================
Received Prepare
Registering precompiled user dll's ...
Registered in 0.002524 seconds.
Begin MonoManager ReloadAssembly
Native extension for WindowsStandalone target not found
Refreshing native plugins compatible for Editor in 0.65 ms, found 2 plugins.
Preloading 0 native plugins for Editor in 0.00 ms.
Invoked RoslynAnalysisRunner static constructor.
RoslynAnalysisRunner will not be running.
RoslynAnalysisRunner has terminated.
RefreshInfo: StopAssetImportingV2(NoUpdateAssetOptions) scanfilter: 
RefreshProfiler: Total: 0.000ms
RefreshInfo: StopAssetImportingV2(NoUpdateAssetOptions) scanfilter: 
RefreshProfiler: Total: 0.000ms
Mono: successfully reloaded assembly
- Completed reload, in  0.708 seconds
Platform modules already initialized, skipping
Refreshing native plugins compatible for Editor in 0.60 ms, found 2 plugins.
Preloading 0 native plugins for Editor in 0.00 ms.
Unloading 820 Unused Serialized files (Serialized files now loaded: 0)
System memory in use before: 84.2 MB.
System memory in use after: 84.0 MB.

Unloading 63 unused Assets to reduce memory usage. Loaded Objects now: 2095.
Total: 1.836200 ms (FindLiveObjects: 0.155200 ms CreateObjectMapping: 0.049200 ms MarkObjects: 1.406000 ms  DeleteObjects: 0.224800 ms)

========================================================================
Received Prepare
Refreshing native plugins compatible for Editor in 287.43 ms, found 2 plugins.
Preloading 0 native plugins for Editor in 0.00 ms.
Unloading 61 Unused Serialized files (Serialized files now loaded: 0)
System memory in use before: 69.3 MB.
System memory in use after: 69.1 MB.

Unloading 61 unused Assets to reduce memory usage. Loaded Objects now: 2095.
Total: 2.048300 ms (FindLiveObjects: 0.142900 ms CreateObjectMapping: 0.045600 ms MarkObjects: 1.554400 ms  DeleteObjects: 0.303900 ms)

========================================================================
Received Prepare
Registering precompiled user dll's ...
Registered in 0.021141 seconds.
Begin MonoManager ReloadAssembly
Native extension for WindowsStandalone target not found
Refreshing native plugins compatible for Editor in 0.59 ms, found 2 plugins.
Preloading 0 native plugins for Editor in 0.00 ms.
Invoked RoslynAnalysisRunner static constructor.
RoslynAnalysisRunner will not be running.
RoslynAnalysisRunner has terminated.
RefreshInfo: StopAssetImportingV2(NoUpdateAssetOptions) scanfilter: 
RefreshProfiler: Total: 0.000ms
RefreshInfo: StopAssetImportingV2(NoUpdateAssetOptions) scanfilter: 
RefreshProfiler: Total: 0.000ms
Mono: successfully reloaded assembly
- Completed reload, in  0.730 seconds
Platform modules already initialized, skipping
Refreshing native plugins compatible for Editor in 0.71 ms, found 2 plugins.
Preloading 0 native plugins for Editor in 0.00 ms.
Unloading 820 Unused Serialized files (Serialized files now loaded: 0)
System memory in use before: 84.5 MB.
System memory in use after: 84.3 MB.

Unloading 63 unused Assets to reduce memory usage. Loaded Objects now: 2097.
Total: 2.382800 ms (FindLiveObjects: 0.196000 ms CreateObjectMapping: 0.123100 ms MarkObjects: 1.828200 ms  DeleteObjects: 0.234200 ms)

========================================================================
Received Prepare
Registering precompiled user dll's ...
Registered in 0.001964 seconds.
Begin MonoManager ReloadAssembly
Native extension for WindowsStandalone target not found
Refreshing native plugins compatible for Editor in 0.59 ms, found 2 plugins.
Preloading 0 native plugins for Editor in 0.00 ms.
Invoked RoslynAnalysisRunner static constructor.
RoslynAnalysisRunner will not be running.
RoslynAnalysisRunner has terminated.
RefreshInfo: StopAssetImportingV2(NoUpdateAssetOptions) scanfilter: 
RefreshProfiler: Total: 0.000ms
RefreshInfo: StopAssetImportingV2(NoUpdateAssetOptions) scanfilter: 
RefreshProfiler: Total: 0.000ms
Mono: successfully reloaded assembly
- Completed reload, in  0.713 seconds
Platform modules already initialized, skipping
Refreshing native plugins compatible for Editor in 0.62 ms, found 2 plugins.
Preloading 0 native plugins for Editor in 0.00 ms.
Unloading 820 Unused Serialized files (Serialized files now loaded: 0)
System memory in use before: 84.5 MB.
System memory in use after: 84.3 MB.

Unloading 63 unused Assets to reduce memory usage. Loaded Objects now: 2099.
Total: 2.048800 ms (FindLiveObjects: 0.162400 ms CreateObjectMapping: 0.053300 ms MarkObjects: 1.532400 ms  DeleteObjects: 0.299400 ms)

========================================================================
Received Prepare
Registering precompiled user dll's ...
Registered in 0.002288 seconds.
Begin MonoManager ReloadAssembly
Native extension for WindowsStandalone target not found
Refreshing native plugins compatible for Editor in 0.64 ms, found 2 plugins.
Preloading 0 native plugins for Editor in 0.00 ms.
Invoked RoslynAnalysisRunner static constructor.
RoslynAnalysisRunner will not be running.
RoslynAnalysisRunner has terminated.
RefreshInfo: StopAssetImportingV2(NoUpdateAssetOptions) scanfilter: 
RefreshProfiler: Total: 0.000ms
RefreshInfo: StopAssetImportingV2(NoUpdateAssetOptions) scanfilter: 
RefreshProfiler: Total: 0.000ms
Mono: successfully reloaded assembly
- Completed reload, in  0.704 seconds
Platform modules already initialized, skipping
Refreshing native plugins compatible for Editor in 0.65 ms, found 2 plugins.
Preloading 0 native plugins for Editor in 0.00 ms.
Unloading 820 Unused Serialized files (Serialized files now loaded: 0)
System memory in use before: 84.5 MB.
System memory in use after: 84.3 MB.

Unloading 63 unused Assets to reduce memory usage. Loaded Objects now: 2101.
Total: 2.112000 ms (FindLiveObjects: 0.189200 ms CreateObjectMapping: 0.053100 ms MarkObjects: 1.638200 ms  DeleteObjects: 0.230600 ms)

========================================================================
Received Prepare
Registering precompiled user dll's ...
Registered in 0.002029 seconds.
Begin MonoManager ReloadAssembly
Native extension for WindowsStandalone target not found
Refreshing native plugins compatible for Editor in 0.66 ms, found 2 plugins.
Preloading 0 native plugins for Editor in 0.00 ms.
Invoked RoslynAnalysisRunner static constructor.
RoslynAnalysisRunner will not be running.
RoslynAnalysisRunner has terminated.
RefreshInfo: StopAssetImportingV2(NoUpdateAssetOptions) scanfilter: 
RefreshProfiler: Total: 0.000ms
RefreshInfo: StopAssetImportingV2(NoUpdateAssetOptions) scanfilter: 
RefreshProfiler: Total: 0.000ms
Mono: successfully reloaded assembly
- Completed reload, in  0.690 seconds
Platform modules already initialized, skipping
Refreshing native plugins compatible for Editor in 0.59 ms, found 2 plugins.
Preloading 0 native plugins for Editor in 0.00 ms.
Unloading 820 Unused Serialized files (Serialized files now loaded: 0)
System memory in use before: 84.5 MB.
System memory in use after: 84.3 MB.

Unloading 63 unused Assets to reduce memory usage. Loaded Objects now: 2103.
Total: 2.099500 ms (FindLiveObjects: 0.213200 ms CreateObjectMapping: 0.091900 ms MarkObjects: 1.561400 ms  DeleteObjects: 0.231100 ms)

========================================================================
Received Prepare
Refreshing native plugins compatible for Editor in 9.14 ms, found 2 plugins.
Preloading 0 native plugins for Editor in 0.00 ms.
Unloading 61 Unused Serialized files (Serialized files now loaded: 0)
System memory in use before: 69.6 MB.
System memory in use after: 69.4 MB.

Unloading 61 unused Assets to reduce memory usage. Loaded Objects now: 2103.
Total: 2.322400 ms (FindLiveObjects: 0.198100 ms CreateObjectMapping: 0.054800 ms MarkObjects: 1.801200 ms  DeleteObjects: 0.266200 ms)

AssetImportWorkerClient::OnTransportError - code=2 error=End of file
